Analysis & Synthesis report for prueba
Thu Jan 17 13:46:48 2019
Quartus Prime Version 18.0.0 Build 614 04/24/2018 SJ Lite Edition


---------------------
; Table of Contents ;
---------------------
  1. Legal Notice
  2. Analysis & Synthesis Summary
  3. Analysis & Synthesis Settings
  4. Parallel Compilation
  5. Analysis & Synthesis Source Files Read
  6. Analysis & Synthesis Resource Usage Summary
  7. Analysis & Synthesis Resource Utilization by Entity
  8. State Machine - |Diagrama_prueba|mss:mss|y
  9. General Register Statistics
 10. Post-Synthesis Netlist Statistics for Top Partition
 11. Elapsed Time Per Partition
 12. Analysis & Synthesis Messages



----------------
; Legal Notice ;
----------------
Copyright (C) 2018  Intel Corporation. All rights reserved.
Your use of Intel Corporation's design tools, logic functions 
and other software and tools, and its AMPP partner logic 
functions, and any output files from any of the foregoing 
(including device programming or simulation files), and any 
associated documentation or information are expressly subject 
to the terms and conditions of the Intel Program License 
Subscription Agreement, the Intel Quartus Prime License Agreement,
the Intel FPGA IP License Agreement, or other applicable license
agreement, including, without limitation, that your use is for
the sole purpose of programming logic devices manufactured by
Intel and sold by Intel or its authorized distributors.  Please
refer to the applicable agreement for further details.



+----------------------------------------------------------------------------------+
; Analysis & Synthesis Summary                                                     ;
+------------------------------------+---------------------------------------------+
; Analysis & Synthesis Status        ; Successful - Thu Jan 17 13:46:48 2019       ;
; Quartus Prime Version              ; 18.0.0 Build 614 04/24/2018 SJ Lite Edition ;
; Revision Name                      ; prueba                                      ;
; Top-level Entity Name              ; Diagrama_prueba                             ;
; Family                             ; Cyclone IV E                                ;
; Total logic elements               ; 106                                         ;
;     Total combinational functions  ; 90                                          ;
;     Dedicated logic registers      ; 85                                          ;
; Total registers                    ; 85                                          ;
; Total pins                         ; 29                                          ;
; Total virtual pins                 ; 0                                           ;
; Total memory bits                  ; 0                                           ;
; Embedded Multiplier 9-bit elements ; 0                                           ;
; Total PLLs                         ; 0                                           ;
+------------------------------------+---------------------------------------------+


+------------------------------------------------------------------------------------------------------------+
; Analysis & Synthesis Settings                                                                              ;
+------------------------------------------------------------------+--------------------+--------------------+
; Option                                                           ; Setting            ; Default Value      ;
+------------------------------------------------------------------+--------------------+--------------------+
; Device                                                           ; EP4CE22F17C6       ;                    ;
; Top-level entity name                                            ; Diagrama_prueba    ; prueba             ;
; Family name                                                      ; Cyclone IV E       ; Cyclone V          ;
; Use smart compilation                                            ; Off                ; Off                ;
; Enable parallel Assembler and Timing Analyzer during compilation ; On                 ; On                 ;
; Enable compact report table                                      ; Off                ; Off                ;
; Restructure Multiplexers                                         ; Auto               ; Auto               ;
; Create Debugging Nodes for IP Cores                              ; Off                ; Off                ;
; Preserve fewer node names                                        ; On                 ; On                 ;
; Intel FPGA IP Evaluation Mode                                    ; Enable             ; Enable             ;
; Verilog Version                                                  ; Verilog_2001       ; Verilog_2001       ;
; VHDL Version                                                     ; VHDL_1993          ; VHDL_1993          ;
; State Machine Processing                                         ; Auto               ; Auto               ;
; Safe State Machine                                               ; Off                ; Off                ;
; Extract Verilog State Machines                                   ; On                 ; On                 ;
; Extract VHDL State Machines                                      ; On                 ; On                 ;
; Ignore Verilog initial constructs                                ; Off                ; Off                ;
; Iteration limit for constant Verilog loops                       ; 5000               ; 5000               ;
; Iteration limit for non-constant Verilog loops                   ; 250                ; 250                ;
; Add Pass-Through Logic to Inferred RAMs                          ; On                 ; On                 ;
; Infer RAMs from Raw Logic                                        ; On                 ; On                 ;
; Parallel Synthesis                                               ; On                 ; On                 ;
; DSP Block Balancing                                              ; Auto               ; Auto               ;
; NOT Gate Push-Back                                               ; On                 ; On                 ;
; Power-Up Don't Care                                              ; On                 ; On                 ;
; Remove Redundant Logic Cells                                     ; Off                ; Off                ;
; Remove Duplicate Registers                                       ; On                 ; On                 ;
; Ignore CARRY Buffers                                             ; Off                ; Off                ;
; Ignore CASCADE Buffers                                           ; Off                ; Off                ;
; Ignore GLOBAL Buffers                                            ; Off                ; Off                ;
; Ignore ROW GLOBAL Buffers                                        ; Off                ; Off                ;
; Ignore LCELL Buffers                                             ; Off                ; Off                ;
; Ignore SOFT Buffers                                              ; On                 ; On                 ;
; Limit AHDL Integers to 32 Bits                                   ; Off                ; Off                ;
; Optimization Technique                                           ; Balanced           ; Balanced           ;
; Carry Chain Length                                               ; 70                 ; 70                 ;
; Auto Carry Chains                                                ; On                 ; On                 ;
; Auto Open-Drain Pins                                             ; On                 ; On                 ;
; Perform WYSIWYG Primitive Resynthesis                            ; Off                ; Off                ;
; Auto ROM Replacement                                             ; On                 ; On                 ;
; Auto RAM Replacement                                             ; On                 ; On                 ;
; Auto DSP Block Replacement                                       ; On                 ; On                 ;
; Auto Shift Register Replacement                                  ; Auto               ; Auto               ;
; Allow Shift Register Merging across Hierarchies                  ; Auto               ; Auto               ;
; Auto Clock Enable Replacement                                    ; On                 ; On                 ;
; Strict RAM Replacement                                           ; Off                ; Off                ;
; Allow Synchronous Control Signals                                ; On                 ; On                 ;
; Force Use of Synchronous Clear Signals                           ; Off                ; Off                ;
; Auto RAM Block Balancing                                         ; On                 ; On                 ;
; Auto RAM to Logic Cell Conversion                                ; Off                ; Off                ;
; Auto Resource Sharing                                            ; Off                ; Off                ;
; Allow Any RAM Size For Recognition                               ; Off                ; Off                ;
; Allow Any ROM Size For Recognition                               ; Off                ; Off                ;
; Allow Any Shift Register Size For Recognition                    ; Off                ; Off                ;
; Use LogicLock Constraints during Resource Balancing              ; On                 ; On                 ;
; Ignore translate_off and synthesis_off directives                ; Off                ; Off                ;
; Timing-Driven Synthesis                                          ; On                 ; On                 ;
; Report Parameter Settings                                        ; On                 ; On                 ;
; Report Source Assignments                                        ; On                 ; On                 ;
; Report Connectivity Checks                                       ; On                 ; On                 ;
; Ignore Maximum Fan-Out Assignments                               ; Off                ; Off                ;
; Synchronization Register Chain Length                            ; 2                  ; 2                  ;
; Power Optimization During Synthesis                              ; Normal compilation ; Normal compilation ;
; HDL message level                                                ; Level2             ; Level2             ;
; Suppress Register Optimization Related Messages                  ; Off                ; Off                ;
; Number of Removed Registers Reported in Synthesis Report         ; 5000               ; 5000               ;
; Number of Swept Nodes Reported in Synthesis Report               ; 5000               ; 5000               ;
; Number of Inverted Registers Reported in Synthesis Report        ; 100                ; 100                ;
; Clock MUX Protection                                             ; On                 ; On                 ;
; Auto Gated Clock Conversion                                      ; Off                ; Off                ;
; Block Design Naming                                              ; Auto               ; Auto               ;
; SDC constraint protection                                        ; Off                ; Off                ;
; Synthesis Effort                                                 ; Auto               ; Auto               ;
; Shift Register Replacement - Allow Asynchronous Clear Signal     ; On                 ; On                 ;
; Pre-Mapping Resynthesis Optimization                             ; Off                ; Off                ;
; Analysis & Synthesis Message Level                               ; Medium             ; Medium             ;
; Disable Register Merging Across Hierarchies                      ; Auto               ; Auto               ;
; Resource Aware Inference For Block RAM                           ; On                 ; On                 ;
+------------------------------------------------------------------+--------------------+--------------------+


+------------------------------------------+
; Parallel Compilation                     ;
+----------------------------+-------------+
; Processors                 ; Number      ;
+----------------------------+-------------+
; Number detected on machine ; 4           ;
; Maximum allowed            ; 2           ;
;                            ;             ;
; Average used               ; 1.00        ;
; Maximum used               ; 2           ;
;                            ;             ;
; Usage by Processor         ; % Time Used ;
;     Processor 1            ; 100.0%      ;
;     Processor 2            ;   0.0%      ;
+----------------------------+-------------+


+---------------------------------------------------------------------------------------------------------------------------------------------------------------------------+
; Analysis & Synthesis Source Files Read                                                                                                                                    ;
+----------------------------------+-----------------+------------------------------------+-----------------------------------------------------------------------+---------+
; File Name with User-Entered Path ; Used in Netlist ; File Type                          ; File Name with Absolute Path                                          ; Library ;
+----------------------------------+-----------------+------------------------------------+-----------------------------------------------------------------------+---------+
; CLOCK_DIV_50.vhd                 ; yes             ; User VHDL File                     ; C:/Users/Municipio de Gye/Desktop/Prueba_Proyecto/CLOCK_DIV_50.vhd    ;         ;
; ANTIREBOTE.vhd                   ; yes             ; User VHDL File                     ; C:/Users/Municipio de Gye/Desktop/Prueba_Proyecto/ANTIREBOTE.vhd      ;         ;
; mss.vhd                          ; yes             ; User VHDL File                     ; C:/Users/Municipio de Gye/Desktop/Prueba_Proyecto/mss.vhd             ;         ;
; Aleatorio_Turno.vhd              ; yes             ; User VHDL File                     ; C:/Users/Municipio de Gye/Desktop/Prueba_Proyecto/Aleatorio_Turno.vhd ;         ;
; Diagrama_prueba.bdf              ; yes             ; User Block Diagram/Schematic File  ; C:/Users/Municipio de Gye/Desktop/Prueba_Proyecto/Diagrama_prueba.bdf ;         ;
; Aleatorio_D.vhd                  ; yes             ; User VHDL File                     ; C:/Users/Municipio de Gye/Desktop/Prueba_Proyecto/Aleatorio_D.vhd     ;         ;
; Sumador.vhd                      ; yes             ; User VHDL File                     ; C:/Users/Municipio de Gye/Desktop/Prueba_Proyecto/Sumador.vhd         ;         ;
; registro_sost.vhd                ; yes             ; User VHDL File                     ; C:/Users/Municipio de Gye/Desktop/Prueba_Proyecto/registro_sost.vhd   ;         ;
; Comparador.vhd                   ; yes             ; User VHDL File                     ; C:/Users/Municipio de Gye/Desktop/Prueba_Proyecto/Comparador.vhd      ;         ;
+----------------------------------+-----------------+------------------------------------+-----------------------------------------------------------------------+---------+


+----------------------------------------------------------------------------+
; Analysis & Synthesis Resource Usage Summary                                ;
+---------------------------------------------+------------------------------+
; Resource                                    ; Usage                        ;
+---------------------------------------------+------------------------------+
; Estimated Total logic elements              ; 106                          ;
;                                             ;                              ;
; Total combinational functions               ; 90                           ;
; Logic element usage by number of LUT inputs ;                              ;
;     -- 4 input functions                    ; 22                           ;
;     -- 3 input functions                    ; 36                           ;
;     -- <=2 input functions                  ; 32                           ;
;                                             ;                              ;
; Logic elements by mode                      ;                              ;
;     -- normal mode                          ; 69                           ;
;     -- arithmetic mode                      ; 21                           ;
;                                             ;                              ;
; Total registers                             ; 85                           ;
;     -- Dedicated logic registers            ; 85                           ;
;     -- I/O registers                        ; 0                            ;
;                                             ;                              ;
; I/O pins                                    ; 29                           ;
;                                             ;                              ;
; Embedded Multiplier 9-bit elements          ; 0                            ;
;                                             ;                              ;
; Maximum fan-out node                        ; CLOCK_DIV_50:DIV|CLOCK_100Hz ;
; Maximum fan-out                             ; 36                           ;
; Total fan-out                               ; 525                          ;
; Average fan-out                             ; 2.25                         ;
+---------------------------------------------+------------------------------+


+-------------------------------------------------------------------------------------------------------------------------------------------------------------------------------------------------------------------------------------------------+
; Analysis & Synthesis Resource Utilization by Entity                                                                                                                                                                                             ;
+------------------------------------+---------------------+---------------------------+-------------+--------------+---------+-----------+------+--------------+------------------------------------------------+-----------------+--------------+
; Compilation Hierarchy Node         ; Combinational ALUTs ; Dedicated Logic Registers ; Memory Bits ; DSP Elements ; DSP 9x9 ; DSP 18x18 ; Pins ; Virtual Pins ; Full Hierarchy Name                            ; Entity Name     ; Library Name ;
+------------------------------------+---------------------+---------------------------+-------------+--------------+---------+-----------+------+--------------+------------------------------------------------+-----------------+--------------+
; |Diagrama_prueba                   ; 90 (0)              ; 85 (0)                    ; 0           ; 0            ; 0       ; 0         ; 29   ; 0            ; |Diagrama_prueba                               ; Diagrama_prueba ; work         ;
;    |ANTIREBOTE:inst1|              ; 2 (2)               ; 5 (5)                     ; 0           ; 0            ; 0       ; 0         ; 0    ; 0            ; |Diagrama_prueba|ANTIREBOTE:inst1              ; ANTIREBOTE      ; work         ;
;    |ANTIREBOTE:inst2|              ; 2 (2)               ; 5 (5)                     ; 0           ; 0            ; 0       ; 0         ; 0    ; 0            ; |Diagrama_prueba|ANTIREBOTE:inst2              ; ANTIREBOTE      ; work         ;
;    |ANTIREBOTE:inst3|              ; 2 (2)               ; 5 (5)                     ; 0           ; 0            ; 0       ; 0         ; 0    ; 0            ; |Diagrama_prueba|ANTIREBOTE:inst3              ; ANTIREBOTE      ; work         ;
;    |ANTIREBOTE:inst4|              ; 2 (2)               ; 5 (5)                     ; 0           ; 0            ; 0       ; 0         ; 0    ; 0            ; |Diagrama_prueba|ANTIREBOTE:inst4              ; ANTIREBOTE      ; work         ;
;    |Aleatorio_D:Aleatorio_J1|      ; 10 (10)             ; 6 (6)                     ; 0           ; 0            ; 0       ; 0         ; 0    ; 0            ; |Diagrama_prueba|Aleatorio_D:Aleatorio_J1      ; Aleatorio_D     ; work         ;
;    |Aleatorio_D:Aleatorio_J2|      ; 10 (10)             ; 6 (6)                     ; 0           ; 0            ; 0       ; 0         ; 0    ; 0            ; |Diagrama_prueba|Aleatorio_D:Aleatorio_J2      ; Aleatorio_D     ; work         ;
;    |Aleatorio_Turno:Turno_inicial| ; 1 (1)               ; 1 (1)                     ; 0           ; 0            ; 0       ; 0         ; 0    ; 0            ; |Diagrama_prueba|Aleatorio_Turno:Turno_inicial ; Aleatorio_Turno ; work         ;
;    |CLOCK_DIV_50:DIV|              ; 29 (29)             ; 29 (29)                   ; 0           ; 0            ; 0       ; 0         ; 0    ; 0            ; |Diagrama_prueba|CLOCK_DIV_50:DIV              ; CLOCK_DIV_50    ; work         ;
;    |comparador:inst7|              ; 2 (2)               ; 0 (0)                     ; 0           ; 0            ; 0       ; 0         ; 0    ; 0            ; |Diagrama_prueba|comparador:inst7              ; comparador      ; work         ;
;    |comparador:inst8|              ; 2 (2)               ; 0 (0)                     ; 0           ; 0            ; 0       ; 0         ; 0    ; 0            ; |Diagrama_prueba|comparador:inst8              ; comparador      ; work         ;
;    |mss:mss|                       ; 18 (18)             ; 13 (13)                   ; 0           ; 0            ; 0       ; 0         ; 0    ; 0            ; |Diagrama_prueba|mss:mss                       ; mss             ; work         ;
;    |registro_sost:Registro_J1|     ; 5 (5)               ; 5 (5)                     ; 0           ; 0            ; 0       ; 0         ; 0    ; 0            ; |Diagrama_prueba|registro_sost:Registro_J1     ; registro_sost   ; work         ;
;    |registro_sost:Registro_J2|     ; 5 (5)               ; 5 (5)                     ; 0           ; 0            ; 0       ; 0         ; 0    ; 0            ; |Diagrama_prueba|registro_sost:Registro_J2     ; registro_sost   ; work         ;
+------------------------------------+---------------------+---------------------------+-------------+--------------+---------+-----------+------+--------------+------------------------------------------------+-----------------+--------------+
Note: For table entries with two numbers listed, the numbers in parentheses indicate the number of resources of the given type used by the specific entity alone. The numbers listed outside of parentheses indicate the total resources of the given type used by the specific entity and all of its sub-entities in the hierarchy.


Encoding Type:  One-Hot
+-------------------------------------------------------------------------------------------------+
; State Machine - |Diagrama_prueba|mss:mss|y                                                      ;
+------+------+------+------+------+------+------+------+------+------+------+------+------+------+
; Name ; y.Tt ; y.Ts ; y.Tr ; y.Tq ; y.Tp ; y.Th ; y.Tg ; y.Tf ; y.Te ; y.Td ; y.Tc ; y.Tb ; y.Ta ;
+------+------+------+------+------+------+------+------+------+------+------+------+------+------+
; y.Ta ; 0    ; 0    ; 0    ; 0    ; 0    ; 0    ; 0    ; 0    ; 0    ; 0    ; 0    ; 0    ; 0    ;
; y.Tb ; 0    ; 0    ; 0    ; 0    ; 0    ; 0    ; 0    ; 0    ; 0    ; 0    ; 0    ; 1    ; 1    ;
; y.Tc ; 0    ; 0    ; 0    ; 0    ; 0    ; 0    ; 0    ; 0    ; 0    ; 0    ; 1    ; 0    ; 1    ;
; y.Td ; 0    ; 0    ; 0    ; 0    ; 0    ; 0    ; 0    ; 0    ; 0    ; 1    ; 0    ; 0    ; 1    ;
; y.Te ; 0    ; 0    ; 0    ; 0    ; 0    ; 0    ; 0    ; 0    ; 1    ; 0    ; 0    ; 0    ; 1    ;
; y.Tf ; 0    ; 0    ; 0    ; 0    ; 0    ; 0    ; 0    ; 1    ; 0    ; 0    ; 0    ; 0    ; 1    ;
; y.Tg ; 0    ; 0    ; 0    ; 0    ; 0    ; 0    ; 1    ; 0    ; 0    ; 0    ; 0    ; 0    ; 1    ;
; y.Th ; 0    ; 0    ; 0    ; 0    ; 0    ; 1    ; 0    ; 0    ; 0    ; 0    ; 0    ; 0    ; 1    ;
; y.Tp ; 0    ; 0    ; 0    ; 0    ; 1    ; 0    ; 0    ; 0    ; 0    ; 0    ; 0    ; 0    ; 1    ;
; y.Tq ; 0    ; 0    ; 0    ; 1    ; 0    ; 0    ; 0    ; 0    ; 0    ; 0    ; 0    ; 0    ; 1    ;
; y.Tr ; 0    ; 0    ; 1    ; 0    ; 0    ; 0    ; 0    ; 0    ; 0    ; 0    ; 0    ; 0    ; 1    ;
; y.Ts ; 0    ; 1    ; 0    ; 0    ; 0    ; 0    ; 0    ; 0    ; 0    ; 0    ; 0    ; 0    ; 1    ;
; y.Tt ; 1    ; 0    ; 0    ; 0    ; 0    ; 0    ; 0    ; 0    ; 0    ; 0    ; 0    ; 0    ; 1    ;
+------+------+------+------+------+------+------+------+------+------+------+------+------+------+


+------------------------------------------------------+
; General Register Statistics                          ;
+----------------------------------------------+-------+
; Statistic                                    ; Value ;
+----------------------------------------------+-------+
; Total registers                              ; 85    ;
; Number of registers using Synchronous Clear  ; 6     ;
; Number of registers using Synchronous Load   ; 0     ;
; Number of registers using Asynchronous Clear ; 23    ;
; Number of registers using Asynchronous Load  ; 0     ;
; Number of registers using Clock Enable       ; 20    ;
; Number of registers using Preset             ; 0     ;
+----------------------------------------------+-------+


+-----------------------------------------------------+
; Post-Synthesis Netlist Statistics for Top Partition ;
+-----------------------+-----------------------------+
; Type                  ; Count                       ;
+-----------------------+-----------------------------+
; boundary_port         ; 29                          ;
; cycloneiii_ff         ; 85                          ;
;     CLR               ; 13                          ;
;     ENA               ; 10                          ;
;     ENA CLR           ; 10                          ;
;     SCLR              ; 6                           ;
;     plain             ; 46                          ;
; cycloneiii_lcell_comb ; 90                          ;
;     arith             ; 21                          ;
;         2 data inputs ; 13                          ;
;         3 data inputs ; 8                           ;
;     normal            ; 69                          ;
;         1 data inputs ; 7                           ;
;         2 data inputs ; 12                          ;
;         3 data inputs ; 28                          ;
;         4 data inputs ; 22                          ;
;                       ;                             ;
; Max LUT depth         ; 2.20                        ;
; Average LUT depth     ; 1.40                        ;
+-----------------------+-----------------------------+


+-------------------------------+
; Elapsed Time Per Partition    ;
+----------------+--------------+
; Partition Name ; Elapsed Time ;
+----------------+--------------+
; Top            ; 00:00:01     ;
+----------------+--------------+


+-------------------------------+
; Analysis & Synthesis Messages ;
+-------------------------------+
Info: *******************************************************************
Info: Running Quartus Prime Analysis & Synthesis
    Info: Version 18.0.0 Build 614 04/24/2018 SJ Lite Edition
    Info: Processing started: Thu Jan 17 13:46:26 2019
Info: Command: quartus_map --read_settings_files=on --write_settings_files=off prueba -c prueba
Warning (18236): Number of processors has not been specified which may cause overloading on shared machines.  Set the global assignment NUM_PARALLEL_PROCESSORS in your QSF to an appropriate value for best performance.
Info (20030): Parallel compilation is enabled and will use 2 of the 2 processors detected
Info (12021): Found 2 design units, including 1 entities, in source file reloj.vhd
    Info (12022): Found design unit 1: RELOJ-a File: C:/Users/Municipio de Gye/Desktop/Prueba_Proyecto/RELOJ.VHD Line: 16
    Info (12023): Found entity 1: RELOJ File: C:/Users/Municipio de Gye/Desktop/Prueba_Proyecto/RELOJ.VHD Line: 9
Info (12021): Found 2 design units, including 1 entities, in source file clock_div_50.vhd
    Info (12022): Found design unit 1: CLOCK_DIV_50-a File: C:/Users/Municipio de Gye/Desktop/Prueba_Proyecto/CLOCK_DIV_50.vhd Line: 18
    Info (12023): Found entity 1: CLOCK_DIV_50 File: C:/Users/Municipio de Gye/Desktop/Prueba_Proyecto/CLOCK_DIV_50.vhd Line: 6
Info (12021): Found 2 design units, including 1 entities, in source file antirebote.vhd
    Info (12022): Found design unit 1: ANTIREBOTE-a File: C:/Users/Municipio de Gye/Desktop/Prueba_Proyecto/ANTIREBOTE.vhd Line: 12
    Info (12023): Found entity 1: ANTIREBOTE File: C:/Users/Municipio de Gye/Desktop/Prueba_Proyecto/ANTIREBOTE.vhd Line: 7
Info (12021): Found 2 design units, including 1 entities, in source file mss.vhd
    Info (12022): Found design unit 1: mss-arq_mss File: C:/Users/Municipio de Gye/Desktop/Prueba_Proyecto/mss.vhd Line: 9
    Info (12023): Found entity 1: mss File: C:/Users/Municipio de Gye/Desktop/Prueba_Proyecto/mss.vhd Line: 4
Info (12021): Found 2 design units, including 1 entities, in source file aleatorio_turno.vhd
    Info (12022): Found design unit 1: Aleatorio_Turno-sol File: C:/Users/Municipio de Gye/Desktop/Prueba_Proyecto/Aleatorio_Turno.vhd Line: 10
    Info (12023): Found entity 1: Aleatorio_Turno File: C:/Users/Municipio de Gye/Desktop/Prueba_Proyecto/Aleatorio_Turno.vhd Line: 5
Info (12021): Found 1 design units, including 1 entities, in source file diagrama_prueba.bdf
    Info (12023): Found entity 1: Diagrama_prueba
Info (12021): Found 2 design units, including 1 entities, in source file aleatorio_d.vhd
    Info (12022): Found design unit 1: Aleatorio_D-sol File: C:/Users/Municipio de Gye/Desktop/Prueba_Proyecto/Aleatorio_D.vhd Line: 10
    Info (12023): Found entity 1: Aleatorio_D File: C:/Users/Municipio de Gye/Desktop/Prueba_Proyecto/Aleatorio_D.vhd Line: 5
Info (12021): Found 2 design units, including 1 entities, in source file sumador.vhd
    Info (12022): Found design unit 1: Sumador-synth File: C:/Users/Municipio de Gye/Desktop/Prueba_Proyecto/Sumador.vhd Line: 13
    Info (12023): Found entity 1: Sumador File: C:/Users/Municipio de Gye/Desktop/Prueba_Proyecto/Sumador.vhd Line: 6
Info (12021): Found 2 design units, including 1 entities, in source file registro_sost.vhd
    Info (12022): Found design unit 1: registro_sost-sol File: C:/Users/Municipio de Gye/Desktop/Prueba_Proyecto/registro_sost.vhd Line: 12
    Info (12023): Found entity 1: registro_sost File: C:/Users/Municipio de Gye/Desktop/Prueba_Proyecto/registro_sost.vhd Line: 5
Info (12021): Found 2 design units, including 1 entities, in source file comparador.vhd
    Info (12022): Found design unit 1: comparador-solucion File: C:/Users/Municipio de Gye/Desktop/Prueba_Proyecto/Comparador.vhd Line: 10
    Info (12023): Found entity 1: comparador File: C:/Users/Municipio de Gye/Desktop/Prueba_Proyecto/Comparador.vhd Line: 5
Info (12127): Elaborating entity "Diagrama_prueba" for the top level hierarchy
Info (12128): Elaborating entity "mss" for hierarchy "mss:mss"
Warning (10492): VHDL Process Statement warning at mss.vhd(71): signal "Start" is read inside the Process Statement but isn't in the Process Statement's sensitivity list File: C:/Users/Municipio de Gye/Desktop/Prueba_Proyecto/mss.vhd Line: 71
Warning (10492): VHDL Process Statement warning at mss.vhd(79): signal "Start" is read inside the Process Statement but isn't in the Process Statement's sensitivity list File: C:/Users/Municipio de Gye/Desktop/Prueba_Proyecto/mss.vhd Line: 79
Warning (10492): VHDL Process Statement warning at mss.vhd(87): signal "ct1" is read inside the Process Statement but isn't in the Process Statement's sensitivity list File: C:/Users/Municipio de Gye/Desktop/Prueba_Proyecto/mss.vhd Line: 87
Warning (10492): VHDL Process Statement warning at mss.vhd(95): signal "J1" is read inside the Process Statement but isn't in the Process Statement's sensitivity list File: C:/Users/Municipio de Gye/Desktop/Prueba_Proyecto/mss.vhd Line: 95
Warning (10492): VHDL Process Statement warning at mss.vhd(103): signal "J1" is read inside the Process Statement but isn't in the Process Statement's sensitivity list File: C:/Users/Municipio de Gye/Desktop/Prueba_Proyecto/mss.vhd Line: 103
Warning (10492): VHDL Process Statement warning at mss.vhd(123): signal "J2" is read inside the Process Statement but isn't in the Process Statement's sensitivity list File: C:/Users/Municipio de Gye/Desktop/Prueba_Proyecto/mss.vhd Line: 123
Warning (10492): VHDL Process Statement warning at mss.vhd(131): signal "J2" is read inside the Process Statement but isn't in the Process Statement's sensitivity list File: C:/Users/Municipio de Gye/Desktop/Prueba_Proyecto/mss.vhd Line: 131
Info (12128): Elaborating entity "CLOCK_DIV_50" for hierarchy "CLOCK_DIV_50:DIV"
Info (12128): Elaborating entity "ANTIREBOTE" for hierarchy "ANTIREBOTE:inst1"
Info (12128): Elaborating entity "Aleatorio_Turno" for hierarchy "Aleatorio_Turno:Turno_inicial"
Warning (10492): VHDL Process Statement warning at Aleatorio_Turno.vhd(23): signal "conteo" is read inside the Process Statement but isn't in the Process Statement's sensitivity list File: C:/Users/Municipio de Gye/Desktop/Prueba_Proyecto/Aleatorio_Turno.vhd Line: 23
Info (12128): Elaborating entity "comparador" for hierarchy "comparador:inst7"
Info (12128): Elaborating entity "registro_sost" for hierarchy "registro_sost:Registro_J1"
Info (12128): Elaborating entity "Sumador" for hierarchy "Sumador:Sumador_J1"
Warning (10492): VHDL Process Statement warning at Sumador.vhd(19): signal "suma" is read inside the Process Statement but isn't in the Process Statement's sensitivity list File: C:/Users/Municipio de Gye/Desktop/Prueba_Proyecto/Sumador.vhd Line: 19
Warning (10492): VHDL Process Statement warning at Sumador.vhd(20): signal "suma" is read inside the Process Statement but isn't in the Process Statement's sensitivity list File: C:/Users/Municipio de Gye/Desktop/Prueba_Proyecto/Sumador.vhd Line: 20
Info (12128): Elaborating entity "Aleatorio_D" for hierarchy "Aleatorio_D:Aleatorio_J1"
Warning (10492): VHDL Process Statement warning at Aleatorio_D.vhd(27): signal "conteo" is read inside the Process Statement but isn't in the Process Statement's sensitivity list File: C:/Users/Municipio de Gye/Desktop/Prueba_Proyecto/Aleatorio_D.vhd Line: 27
Info (286030): Timing-Driven Synthesis is running
Info (16010): Generating hard_block partition "hard_block:auto_generated_inst"
    Info (16011): Adding 0 node(s), including 0 DDIO, 0 PLL, 0 transceiver and 0 LCELL
Info (21057): Implemented 137 device resources after synthesis - the final resource count might be different
    Info (21058): Implemented 5 input pins
    Info (21059): Implemented 24 output pins
    Info (21061): Implemented 108 logic cells
Info: Quartus Prime Analysis & Synthesis was successful. 0 errors, 12 warnings
    Info: Peak virtual memory: 4811 megabytes
    Info: Processing ended: Thu Jan 17 13:46:48 2019
    Info: Elapsed time: 00:00:22
    Info: Total CPU time (on all processors): 00:00:50


